<?xml version="1.0" encoding="UTF-8"?>
<!-- Generated by org.testng.reporters.JUnitReportReporter -->
<testsuite hostname="AILT-100416" failures="0" tests="1" name="com.audree.infotech.ums3_0.tests.Reports.UserSoftwareSummaryTest" time="4.178" errors="0" timestamp="2024-11-06T12:01:28 IST" skipped="0">
  <testcase classname="com.audree.infotech.ums3_0.tests.Reports.UserSoftwareSummaryTest" name="testPendingRequest" time="4.178"/>
</testsuite> <!-- com.audree.infotech.ums3_0.tests.Reports.UserSoftwareSummaryTest -->
