<?xml version="1.0" encoding="UTF-8"?>
<!-- Generated by org.testng.reporters.JUnitReportReporter -->
<testsuite hostname="AILT-100416" failures="0" tests="1" name="com.audree.infotech.ums3_0.tests.Transcations.ReturnFlow.InitiatorNewJobRoleReInitiateTest" time="10.894" errors="0" timestamp="2024-11-02T18:03:39 IST" skipped="0">
  <testcase classname="com.audree.infotech.ums3_0.tests.Transcations.ReturnFlow.InitiatorNewJobRoleReInitiateTest" name="testCreateJobRole" time="10.894"/>
</testsuite> <!-- com.audree.infotech.ums3_0.tests.Transcations.ReturnFlow.InitiatorNewJobRoleReInitiateTest -->
