<?xml version="1.0" encoding="UTF-8"?>
<!-- Generated by org.testng.reporters.JUnitReportReporter -->
<testsuite hostname="AILT-100416" failures="0" tests="1" name="com.audree.infotech.ums3_0.tests.Transcations.UnlockPasswordTest" time="2.107" errors="0" timestamp="2024-11-06T11:55:02 IST" skipped="0">
  <testcase classname="com.audree.infotech.ums3_0.tests.Transcations.UnlockPasswordTest" name="testResetPassword" time="2.107"/>
</testsuite> <!-- com.audree.infotech.ums3_0.tests.Transcations.UnlockPasswordTest -->
