<?xml version="1.0" encoding="UTF-8"?>
<!-- Generated by org.testng.reporters.JUnitReportReporter -->
<testsuite hostname="AILT-100416" failures="0" tests="1" name="com.audree.infotech.ums3_0.tests.Transcations.InActiveTest" time="6.059" errors="0" timestamp="2024-11-06T10:35:52 IST" skipped="0">
  <testcase classname="com.audree.infotech.ums3_0.tests.Transcations.InActiveTest" name="testResetPassword" time="6.059"/>
</testsuite> <!-- com.audree.infotech.ums3_0.tests.Transcations.InActiveTest -->
