<?xml version="1.0" encoding="UTF-8"?>
<!-- Generated by org.testng.reporters.JUnitReportReporter -->
<testsuite hostname="AILT-100416" failures="0" tests="1" name="com.audree.infotech.ums3_0.tests.masters.SoftwareTest" time="16.468" errors="0" timestamp="2024-10-18T14:48:21 IST" skipped="0">
  <testcase classname="com.audree.infotech.ums3_0.tests.masters.SoftwareTest" name="testSoftwareCreation" time="16.468"/>
</testsuite> <!-- com.audree.infotech.ums3_0.tests.masters.SoftwareTest -->
