<?xml version="1.0" encoding="UTF-8"?>
<!-- Generated by org.testng.reporters.JUnitReportReporter -->
<testsuite hostname="AILT-100416" failures="0" tests="1" name="com.audree.infotech.ums3_0.tests.Transcations.CreatorTest" time="32.572" errors="0" timestamp="2024-11-06T11:57:17 IST" skipped="0">
  <testcase classname="com.audree.infotech.ums3_0.tests.Transcations.CreatorTest" name="testCreateJobRole" time="32.572"/>
</testsuite> <!-- com.audree.infotech.ums3_0.tests.Transcations.CreatorTest -->
