<?xml version="1.0" encoding="UTF-8"?>
<!-- Generated by org.testng.reporters.JUnitReportReporter -->
<testsuite hostname="AILT-100416" failures="0" tests="2" name="com.audree.infotech.ums3_0.tests.masters.SoftwareTest" time="7.359" errors="0" timestamp="2024-11-06T17:55:53 IST" skipped="0">
  <testcase classname="com.audree.infotech.ums3_0.tests.masters.SoftwareTest" name="testSoftwareCreation" time="4.894"/>
  <testcase classname="com.audree.infotech.ums3_0.tests.masters.SoftwareTest" name="testSoftwareUpdation" time="2.465"/>
</testsuite> <!-- com.audree.infotech.ums3_0.tests.masters.SoftwareTest -->
