<?xml version="1.0" encoding="UTF-8"?>
<!-- Generated by org.testng.reporters.JUnitReportReporter -->
<testsuite hostname="AILT-100416" failures="0" tests="1" name="com.audree.infotech.ums3_0.tests.masters.JobRoleTest" time="3.910" errors="0" timestamp="2024-10-18T16:14:26 IST" skipped="0">
  <testcase classname="com.audree.infotech.ums3_0.tests.masters.JobRoleTest" name="testJobRoleCreation" time="3.910"/>
</testsuite> <!-- com.audree.infotech.ums3_0.tests.masters.JobRoleTest -->
