<?xml version="1.0" encoding="UTF-8"?>
<!-- Generated by org.testng.reporters.JUnitReportReporter -->
<testsuite hostname="AILT-100416" failures="0" tests="1" name="com.audree.infotech.ums3_0.tests.Transcations.ReviewerTest" time="3.112" errors="0" timestamp="2024-11-06T11:57:17 IST" skipped="0">
  <testcase classname="com.audree.infotech.ums3_0.tests.Transcations.ReviewerTest" name="testReviewJobRole" time="3.112"/>
</testsuite> <!-- com.audree.infotech.ums3_0.tests.Transcations.ReviewerTest -->
